C:\Users\gxw\Desktop\UDP\RaspCam\Debug\cl.command.1.tlog
C:\Users\gxw\Desktop\UDP\RaspCam\Debug\CL.read.1.tlog
C:\Users\gxw\Desktop\UDP\RaspCam\Debug\CL.write.1.tlog
C:\Users\gxw\Desktop\UDP\RaspCam\Debug\link.command.1.tlog
C:\Users\gxw\Desktop\UDP\RaspCam\Debug\link.read.1.tlog
C:\Users\gxw\Desktop\UDP\RaspCam\Debug\link.write.1.tlog
C:\Users\gxw\Desktop\UDP\RaspCam\Debug\link-cvtres.read.1.tlog
C:\Users\gxw\Desktop\UDP\RaspCam\Debug\link-cvtres.write.1.tlog
C:\Users\gxw\Desktop\UDP\RaspCam\Debug\RaspCam.exe.embed.manifest
C:\USERS\GXW\DESKTOP\UDP\RASPCAM\DEBUG\RASPCAM.EXE.EMBED.MANIFEST.RES
C:\Users\gxw\Desktop\UDP\RaspCam\Debug\RaspCam.exe.intermediate.manifest
C:\USERS\GXW\DESKTOP\UDP\RASPCAM\DEBUG\RASPCAM.OBJ
C:\USERS\GXW\DESKTOP\UDP\RASPCAM\DEBUG\RASPCAM.PCH
C:\Users\gxw\Desktop\UDP\RaspCam\Debug\RaspCam.pdb
C:\USERS\GXW\DESKTOP\UDP\RASPCAM\DEBUG\RASPCAM.RES
C:\Users\gxw\Desktop\UDP\RaspCam\Debug\RaspCam_manifest.rc
C:\USERS\GXW\DESKTOP\UDP\RASPCAM\DEBUG\RASPCAMDLG.OBJ
C:\Users\gxw\Desktop\UDP\RaspCam\Debug\rc.command.1.tlog
C:\Users\gxw\Desktop\UDP\RaspCam\Debug\rc.read.1.tlog
C:\Users\gxw\Desktop\UDP\RaspCam\Debug\rc.write.1.tlog
C:\USERS\GXW\DESKTOP\UDP\RASPCAM\DEBUG\RCV.OBJ
C:\USERS\GXW\DESKTOP\UDP\RASPCAM\DEBUG\STDAFX.OBJ
C:\Users\gxw\Desktop\UDP\RaspCam\Debug\vc100.idb
C:\USERS\GXW\DESKTOP\UDP\RASPCAM\DEBUG\VC100.PDB
